c:\users\cmdadmin\desktop\game tech 2014_test\game tech 2014\game technologies\game technologies\release\vc120.pdb
c:\users\cmdadmin\desktop\game tech 2014_test\game tech 2014\game technologies\game technologies\release\tree.obj
c:\users\cmdadmin\desktop\game tech 2014_test\game tech 2014\game technologies\game technologies\release\textmesh.obj
c:\users\cmdadmin\desktop\game tech 2014_test\game tech 2014\game technologies\game technologies\release\springdemo.obj
c:\users\cmdadmin\desktop\game tech 2014_test\game tech 2014\game technologies\game technologies\release\spring.obj
c:\users\cmdadmin\desktop\game tech 2014_test\game tech 2014\game technologies\game technologies\release\renderer.obj
c:\users\cmdadmin\desktop\game tech 2014_test\game tech 2014\game technologies\game technologies\release\physicssystem.obj
c:\users\cmdadmin\desktop\game tech 2014_test\game tech 2014\game technologies\game technologies\release\physicsnode.obj
c:\users\cmdadmin\desktop\game tech 2014_test\game tech 2014\game technologies\game technologies\release\mygame.obj
c:\users\cmdadmin\desktop\game tech 2014_test\game tech 2014\game technologies\game technologies\release\main.obj
c:\users\cmdadmin\desktop\game tech 2014_test\game tech 2014\game technologies\game technologies\release\gameentity.obj
c:\users\cmdadmin\desktop\game tech 2014_test\game tech 2014\game technologies\game technologies\release\gameclass.obj
c:\users\cmdadmin\desktop\game tech 2014_test\game tech 2014\game technologies\game technologies\release\collisionhelper.obj
c:\users\cmdadmin\desktop\game tech 2014_test\game tech 2014\game technologies\release\gametech.exe
c:\users\cmdadmin\desktop\game tech 2014_test\game tech 2014\game technologies\release\gametech.pdb
c:\users\cmdadmin\desktop\game tech 2014_test\game tech 2014\game technologies\game technologies\release\gametech.tlog\cl.command.1.tlog
c:\users\cmdadmin\desktop\game tech 2014_test\game tech 2014\game technologies\game technologies\release\gametech.tlog\cl.read.1.tlog
c:\users\cmdadmin\desktop\game tech 2014_test\game tech 2014\game technologies\game technologies\release\gametech.tlog\cl.write.1.tlog
c:\users\cmdadmin\desktop\game tech 2014_test\game tech 2014\game technologies\game technologies\release\gametech.tlog\link.command.1.tlog
c:\users\cmdadmin\desktop\game tech 2014_test\game tech 2014\game technologies\game technologies\release\gametech.tlog\link.read.1.tlog
c:\users\cmdadmin\desktop\game tech 2014_test\game tech 2014\game technologies\game technologies\release\gametech.tlog\link.write.1.tlog
