Build started 12/12/2014 05:35:29.
     1>Project "C:\Users\cmdadmin\Desktop\Final_GameTech\Game Tech 2014\Game Technologies\Game Technologies\GameTech.vcxproj" on node 2 (Build target(s)).
     1>ClCompile:
         C:\Program Files (x86)\Microsoft Visual Studio 11.0\VC\bin\CL.exe /c /ZI /nologo /W3 /WX- /Od /Oy- /D _MBCS /Gm /EHsc /RTC1 /MDd /GS /fp:precise /Zc:wchar_t /Zc:forScope /Fo"Debug\\" /Fd"Debug\vc110.pdb" /Gd /TP /analyze- /errorReport:prompt CollisionHelper.cpp Crate.cpp GameClass.cpp GameEntity.cpp Main.cpp MyGame.cpp PhysicsNode.cpp PhysicsSystem.cpp Renderer.cpp Spring.cpp SpringDemo.cpp TextMesh.cpp Tree.cpp
         Tree.cpp
     1>c:\users\cmdadmin\desktop\final_gametech\game tech 2014\game technologies\game technologies\tree.cpp(26): warning C4244: 'argument' : conversion from 'double' to 'const float', possible loss of data
     1>c:\users\cmdadmin\desktop\final_gametech\game tech 2014\game technologies\game technologies\tree.cpp(32): warning C4305: 'argument' : truncation from 'double' to 'float'
     1>c:\users\cmdadmin\desktop\final_gametech\game tech 2014\game technologies\game technologies\tree.cpp(32): warning C4244: 'argument' : conversion from 'double' to 'float', possible loss of data
     1>c:\users\cmdadmin\desktop\final_gametech\game tech 2014\game technologies\game technologies\tree.cpp(61): warning C4305: 'argument' : truncation from 'double' to 'float'
     1>c:\users\cmdadmin\desktop\final_gametech\game tech 2014\game technologies\game technologies\tree.cpp(89): warning C4305: 'argument' : truncation from 'double' to 'float'
     1>c:\users\cmdadmin\desktop\final_gametech\game tech 2014\game technologies\game technologies\tree.cpp(117): warning C4244: 'argument' : conversion from 'double' to 'const float', possible loss of data
     1>c:\users\cmdadmin\desktop\final_gametech\game tech 2014\game technologies\game technologies\tree.cpp(128): warning C4244: 'argument' : conversion from 'double' to 'const float', possible loss of data
     1>c:\users\cmdadmin\desktop\final_gametech\game tech 2014\game technologies\game technologies\tree.cpp(132): warning C4244: 'argument' : conversion from 'double' to 'const float', possible loss of data
         TextMesh.cpp
         SpringDemo.cpp
     1>c:\users\cmdadmin\desktop\final_gametech\game tech 2014\game technologies\game technologies\springdemo.cpp(6): warning C4244: 'initializing' : conversion from 'double' to 'float', possible loss of data
         Spring.cpp
         Renderer.cpp
     1>c:\users\cmdadmin\desktop\final_gametech\game tech 2014\game technologies\game technologies\renderer.cpp(64): warning C4244: '+=' : conversion from 'float' to 'int', possible loss of data
         PhysicsSystem.cpp
     1>c:\users\cmdadmin\desktop\final_gametech\game tech 2014\game technologies\game technologies\physicssystem.cpp(11): warning C4018: '<' : signed/unsigned mismatch
     1>c:\users\cmdadmin\desktop\final_gametech\game tech 2014\game technologies\game technologies\physicssystem.cpp(29): warning C4244: '+=' : conversion from 'float' to 'int', possible loss of data
     1>c:\users\cmdadmin\desktop\final_gametech\game tech 2014\game technologies\game technologies\physicssystem.cpp(45): warning C4244: 'initializing' : conversion from 'double' to 'float', possible loss of data
     1>c:\users\cmdadmin\desktop\final_gametech\game tech 2014\game technologies\game technologies\physicssystem.cpp(46): warning C4018: '<' : signed/unsigned mismatch
     1>c:\users\cmdadmin\desktop\final_gametech\game tech 2014\game technologies\game technologies\physicssystem.cpp(50): warning C4018: '<' : signed/unsigned mismatch
     1>c:\users\cmdadmin\desktop\final_gametech\game tech 2014\game technologies\game technologies\physicssystem.cpp(65): warning C4305: 'argument' : truncation from 'double' to 'const float'
     1>c:\users\cmdadmin\desktop\final_gametech\game tech 2014\game technologies\game technologies\physicssystem.cpp(71): warning C4305: 'argument' : truncation from 'double' to 'const float'
     1>c:\users\cmdadmin\desktop\final_gametech\game tech 2014\game technologies\game technologies\physicssystem.cpp(77): warning C4244: '+=' : conversion from 'float' to 'int', possible loss of data
         PhysicsNode.cpp
     1>c:\users\cmdadmin\desktop\final_gametech\game tech 2014\game technologies\game technologies\physicsnode.cpp(3): warning C4305: 'argument' : truncation from 'double' to 'const float'
     1>c:\users\cmdadmin\desktop\final_gametech\game tech 2014\game technologies\game technologies\physicsnode.cpp(41): warning C4305: 'argument' : truncation from 'double' to 'const float'
     1>c:\users\cmdadmin\desktop\final_gametech\game tech 2014\game technologies\game technologies\physicsnode.cpp(52): warning C4305: 'argument' : truncation from 'double' to 'const float'
         MyGame.cpp
         Main.cpp
         GameEntity.cpp
         GameClass.cpp
     1>c:\users\cmdadmin\desktop\final_gametech\game tech 2014\game technologies\game technologies\gameclass.cpp(38): warning C4244: '+=' : conversion from 'float' to 'int', possible loss of data
         Crate.cpp
     1>c:\users\cmdadmin\desktop\final_gametech\game tech 2014\game technologies\game technologies\crate.cpp(16): warning C4244: 'argument' : conversion from 'int' to 'float', possible loss of data
     1>c:\users\cmdadmin\desktop\final_gametech\game tech 2014\game technologies\game technologies\crate.cpp(21): warning C4244: 'argument' : conversion from 'int' to 'float', possible loss of data
         CollisionHelper.cpp
         Generating Code...
     1>c:\users\cmdadmin\desktop\final_gametech\game tech 2014\game technologies\game technologies\collisionhelper.cpp(57): warning C4715: 'CollisionHelper::SphereCylinderCollision' : not all control paths return a value
       Link:
         C:\Program Files (x86)\Microsoft Visual Studio 11.0\VC\bin\link.exe /ERRORREPORT:PROMPT /OUT:"C:\Users\cmdadmin\Desktop\Final_GameTech\Game Tech 2014\Game Technologies\Debug\GameTech.exe" /INCREMENTAL /NOLOGO kernel32.lib user32.lib gdi32.lib winspool.lib comdlg32.lib advapi32.lib shell32.lib ole32.lib oleaut32.lib uuid.lib odbc32.lib odbccp32.lib /MANIFEST /MANIFESTUAC:"level='asInvoker' uiAccess='false'" /manifest:embed /DEBUG /PDB:"C:\Users\cmdadmin\Desktop\Final_GameTech\Game Tech 2014\Game Technologies\Debug\GameTech.pdb" /TLBID:1 /DYNAMICBASE /NXCOMPAT /IMPLIB:"C:\Users\cmdadmin\Desktop\Final_GameTech\Game Tech 2014\Game Technologies\Debug\GameTech.lib" /MACHINE:X86 Debug\CollisionHelper.obj
         Debug\Crate.obj
         Debug\GameClass.obj
         Debug\GameEntity.obj
         Debug\Main.obj
         Debug\MyGame.obj
         Debug\PhysicsNode.obj
         Debug\PhysicsSystem.obj
         Debug\Renderer.obj
         Debug\Spring.obj
         Debug\SpringDemo.obj
         Debug\TextMesh.obj
         Debug\Tree.obj
         "C:\Users\cmdadmin\Desktop\Final_GameTech\Game Tech 2014\Game Technologies\Debug\nclgl.lib"
     1>Renderer.obj : warning LNK4049: locally defined symbol ___glewActiveTexture imported
     1>Renderer.obj : warning LNK4049: locally defined symbol ___glewGetUniformLocation imported
     1>Renderer.obj : warning LNK4049: locally defined symbol ___glewUniform1i imported
     1>Renderer.obj : warning LNK4049: locally defined symbol ___glewUniform3fv imported
     1>Renderer.obj : warning LNK4049: locally defined symbol ___glewUniform4fv imported
     1>Renderer.obj : warning LNK4049: locally defined symbol ___glewUniformMatrix4fv imported
     1>Renderer.obj : warning LNK4049: locally defined symbol ___glewUseProgram imported
     1>Renderer.obj : warning LNK4049: locally defined symbol ___wglewSwapIntervalEXT imported
     1>glew32.lib(glew.obj) : warning LNK4099: PDB 'vc120.pdb' was not found with 'glew32.lib(glew.obj)' or at 'C:\Users\cmdadmin\Desktop\Final_GameTech\Game Tech 2014\Game Technologies\Debug\vc120.pdb'; linking object as if no debug info
     1>SOIL.lib(image_DXT.obj) : warning LNK4099: PDB 'vc120.pdb' was not found with 'SOIL.lib(image_DXT.obj)' or at 'C:\Users\cmdadmin\Desktop\Final_GameTech\Game Tech 2014\Game Technologies\Debug\vc120.pdb'; linking object as if no debug info
     1>SOIL.lib(image_helper.obj) : warning LNK4099: PDB 'vc120.pdb' was not found with 'SOIL.lib(image_helper.obj)' or at 'C:\Users\cmdadmin\Desktop\Final_GameTech\Game Tech 2014\Game Technologies\Debug\vc120.pdb'; linking object as if no debug info
     1>SOIL.lib(SOIL.obj) : warning LNK4099: PDB 'vc120.pdb' was not found with 'SOIL.lib(SOIL.obj)' or at 'C:\Users\cmdadmin\Desktop\Final_GameTech\Game Tech 2014\Game Technologies\Debug\vc120.pdb'; linking object as if no debug info
     1>SOIL.lib(stb_image_aug.obj) : warning LNK4099: PDB 'vc120.pdb' was not found with 'SOIL.lib(stb_image_aug.obj)' or at 'C:\Users\cmdadmin\Desktop\Final_GameTech\Game Tech 2014\Game Technologies\Debug\vc120.pdb'; linking object as if no debug info
         GameTech.vcxproj -> C:\Users\cmdadmin\Desktop\Final_GameTech\Game Tech 2014\Game Technologies\Debug\GameTech.exe
     1>Done Building Project "C:\Users\cmdadmin\Desktop\Final_GameTech\Game Tech 2014\Game Technologies\Game Technologies\GameTech.vcxproj" (Build target(s)).

Build succeeded.

Time Elapsed 00:00:08.15
